<?xml version="1.0" encoding="UTF-8"?>
<robot generator="Robot 7.1.1 (Python 3.12.4 on win32)" generated="2024-12-26T19:04:00.812606" rpa="false" schemaversion="5">
<suite id="s1" name="Suites" source="C:\Users\21692\Desktop\tp\TP-Testing\TP-3\test\suites">
<suite id="s1-s1" name="Alert Test" source="C:\Users\21692\Desktop\tp\TP-Testing\TP-3\test\suites\alert_test.robot">
<test id="s1-s1-t1" name="Test Notification Température Très Haute" line="6">
<kw name="Set Variable" owner="BuiltIn">
<msg time="2024-12-26T19:04:00.862103" level="INFO">${temperature} = 150</msg>
<var>${temperature}</var>
<arg>150</arg>
<doc>Returns the given values which can then be assigned to a variables.</doc>
<status status="PASS" start="2024-12-26T19:04:00.862103" elapsed="0.000000"/>
</kw>
<kw name="Is Valid Temperature">
<msg time="2024-12-26T19:04:00.864363" level="FAIL">No keyword with name 'Is Valid Temperature' found.</msg>
<var>${valid}</var>
<arg>${temperature}</arg>
<status status="FAIL" start="2024-12-26T19:04:00.864363" elapsed="0.000000">No keyword with name 'Is Valid Temperature' found.</status>
</kw>
<kw name="Should Not Be True" owner="BuiltIn">
<arg>${valid}</arg>
<arg>La température aurait dû être invalide.</arg>
<doc>Fails if the given condition is true.</doc>
<status status="NOT RUN" start="2024-12-26T19:04:00.865018" elapsed="0.000000"/>
</kw>
<kw name="Tester Notification Température Hors Plage" owner="keywords">
<arg>${temperature}</arg>
<status status="NOT RUN" start="2024-12-26T19:04:00.865619" elapsed="0.000000"/>
</kw>
<kw name="Log" owner="BuiltIn">
<arg>Notification envoyée pour température critique: ${temperature}°C</arg>
<doc>Logs the given message with the given level.</doc>
<status status="NOT RUN" start="2024-12-26T19:04:00.866144" elapsed="0.000000"/>
</kw>
<doc>Vérifie qu'une notification est envoyée pour une température critique (150°C).</doc>
<status status="FAIL" start="2024-12-26T19:04:00.860972" elapsed="0.005229">No keyword with name 'Is Valid Temperature' found.</status>
</test>
<test id="s1-s1-t2" name="Test Notification Température Très Basse" line="15">
<kw name="Set Variable" owner="BuiltIn">
<msg time="2024-12-26T19:04:00.869154" level="INFO">${temperature} = -50</msg>
<var>${temperature}</var>
<arg>-50</arg>
<doc>Returns the given values which can then be assigned to a variables.</doc>
<status status="PASS" start="2024-12-26T19:04:00.868633" elapsed="0.000617"/>
</kw>
<kw name="Is Valid Temperature">
<msg time="2024-12-26T19:04:00.869761" level="FAIL">No keyword with name 'Is Valid Temperature' found.</msg>
<var>${valid}</var>
<arg>${temperature}</arg>
<status status="FAIL" start="2024-12-26T19:04:00.869761" elapsed="0.000522">No keyword with name 'Is Valid Temperature' found.</status>
</kw>
<kw name="Should Not Be True" owner="BuiltIn">
<arg>${valid}</arg>
<arg>La température aurait dû être invalide.</arg>
<doc>Fails if the given condition is true.</doc>
<status status="NOT RUN" start="2024-12-26T19:04:00.870319" elapsed="0.000000"/>
</kw>
<kw name="Tester Notification Température Hors Plage" owner="keywords">
<arg>${temperature}</arg>
<status status="NOT RUN" start="2024-12-26T19:04:00.870319" elapsed="0.000512"/>
</kw>
<kw name="Log" owner="BuiltIn">
<arg>Notification envoyée pour température critique: ${temperature}°C</arg>
<doc>Logs the given message with the given level.</doc>
<status status="NOT RUN" start="2024-12-26T19:04:00.870869" elapsed="0.000000"/>
</kw>
<doc>Vérifie qu'une notification est envoyée pour une température critique basse (-50°C).</doc>
<status status="FAIL" start="2024-12-26T19:04:00.867949" elapsed="0.002920">No keyword with name 'Is Valid Temperature' found.</status>
</test>
<test id="s1-s1-t3" name="Test Aucune Notification Température Normale" line="24">
<kw name="Set Variable" owner="BuiltIn">
<msg time="2024-12-26T19:04:00.873209" level="INFO">${temperature} = 30</msg>
<var>${temperature}</var>
<arg>30</arg>
<doc>Returns the given values which can then be assigned to a variables.</doc>
<status status="PASS" start="2024-12-26T19:04:00.873209" elapsed="0.000000"/>
</kw>
<kw name="Is Valid Temperature">
<msg time="2024-12-26T19:04:00.874310" level="FAIL">No keyword with name 'Is Valid Temperature' found.</msg>
<var>${valid}</var>
<arg>${temperature}</arg>
<status status="FAIL" start="2024-12-26T19:04:00.874310" elapsed="0.000000">No keyword with name 'Is Valid Temperature' found.</status>
</kw>
<kw name="Should Be True" owner="BuiltIn">
<arg>${valid}</arg>
<arg>La température devrait être valide.</arg>
<doc>Fails if the given condition is not true.</doc>
<status status="NOT RUN" start="2024-12-26T19:04:00.874874" elapsed="0.000000"/>
</kw>
<kw name="Run Keyword If" owner="BuiltIn">
<arg>${temperature} &lt; 0 or ${temperature} &gt; 100</arg>
<arg>Tester Notification Température Hors Plage</arg>
<arg>${temperature}</arg>
<arg>ELSE</arg>
<arg>Log</arg>
<arg>Aucune notification nécessaire pour ${temperature}°C</arg>
<doc>Runs the given keyword with the given arguments, if ``condition`` is true.</doc>
<status status="NOT RUN" start="2024-12-26T19:04:00.874874" elapsed="0.000000"/>
</kw>
<doc>Vérifie qu'aucune notification n'est envoyée pour une température normale (30°C).</doc>
<status status="FAIL" start="2024-12-26T19:04:00.872525" elapsed="0.002962">No keyword with name 'Is Valid Temperature' found.</status>
</test>
<status status="FAIL" start="2024-12-26T19:04:00.850020" elapsed="0.027805"/>
</suite>
<suite id="s1-s2" name="Functional Tests" source="C:\Users\21692\Desktop\tp\TP-Testing\TP-3\test\suites\functional_tests.robot">
<test id="s1-s2-t1" name="Test Action Chauffage à Température Très Basse" line="6">
<kw name="Set Variable" owner="BuiltIn">
<msg time="2024-12-26T19:04:00.889033" level="INFO">${temperature} = -5</msg>
<var>${temperature}</var>
<arg>-5</arg>
<doc>Returns the given values which can then be assigned to a variables.</doc>
<status status="PASS" start="2024-12-26T19:04:00.889033" elapsed="0.000000"/>
</kw>
<kw name="Log" owner="BuiltIn">
<msg time="2024-12-26T19:04:00.889549" level="INFO">Température utilisée: -5</msg>
<arg>Température utilisée: ${temperature}</arg>
<doc>Logs the given message with the given level.</doc>
<status status="PASS" start="2024-12-26T19:04:00.889549" elapsed="0.000000"/>
</kw>
<kw name="Tester Action Température" owner="keywords">
<kw name="Convert To Number" owner="BuiltIn">
<msg time="2024-12-26T19:04:00.890110" level="INFO">${temperature} = -5.0</msg>
<var>${temperature}</var>
<arg>${temperature}</arg>
<doc>Converts the given item to a floating point number.</doc>
<status status="PASS" start="2024-12-26T19:04:00.890110" elapsed="0.000512"/>
</kw>
<kw name="Control Temperature">
<msg time="2024-12-26T19:04:00.891259" level="FAIL">No keyword with name 'Control Temperature' found.</msg>
<var>${action}</var>
<arg>${temperature}</arg>
<status status="FAIL" start="2024-12-26T19:04:00.891259" elapsed="0.000000">No keyword with name 'Control Temperature' found.</status>
</kw>
<return>
<value>${action}</value>
<status status="NOT RUN" start="2024-12-26T19:04:00.891259" elapsed="0.000000"/>
</return>
<var>${action}</var>
<arg>${temperature}</arg>
<status status="FAIL" start="2024-12-26T19:04:00.890054" elapsed="0.001205">No keyword with name 'Control Temperature' found.</status>
</kw>
<kw name="Should Be Equal" owner="BuiltIn">
<arg>${action}</arg>
<arg>Heater activated</arg>
<doc>Fails if the given objects are unequal.</doc>
<status status="NOT RUN" start="2024-12-26T19:04:00.891816" elapsed="0.000000"/>
</kw>
<kw name="Log" owner="BuiltIn">
<arg>Action prise: ${action}</arg>
<doc>Logs the given message with the given level.</doc>
<status status="NOT RUN" start="2024-12-26T19:04:00.891816" elapsed="0.000000"/>
</kw>
<doc>Vérifie que le chauffage s'active pour une température très basse (-5°C).</doc>
<status status="FAIL" start="2024-12-26T19:04:00.887842" elapsed="0.004524">No keyword with name 'Control Temperature' found.</status>
</test>
<test id="s1-s2-t2" name="Test Action Température Optimale" line="15">
<kw name="Set Variable" owner="BuiltIn">
<msg time="2024-12-26T19:04:00.894832" level="INFO">${temperature} = 22</msg>
<var>${temperature}</var>
<arg>22</arg>
<doc>Returns the given values which can then be assigned to a variables.</doc>
<status status="PASS" start="2024-12-26T19:04:00.894832" elapsed="0.000000"/>
</kw>
<kw name="Log" owner="BuiltIn">
<msg time="2024-12-26T19:04:00.895502" level="INFO">Température utilisée: 22</msg>
<arg>Température utilisée: ${temperature}</arg>
<doc>Logs the given message with the given level.</doc>
<status status="PASS" start="2024-12-26T19:04:00.895502" elapsed="0.000000"/>
</kw>
<kw name="Tester Action Température" owner="keywords">
<kw name="Convert To Number" owner="BuiltIn">
<msg time="2024-12-26T19:04:00.896059" level="INFO">${temperature} = 22.0</msg>
<var>${temperature}</var>
<arg>${temperature}</arg>
<doc>Converts the given item to a floating point number.</doc>
<status status="PASS" start="2024-12-26T19:04:00.896059" elapsed="0.000506"/>
</kw>
<kw name="Control Temperature">
<msg time="2024-12-26T19:04:00.897283" level="FAIL">No keyword with name 'Control Temperature' found.</msg>
<var>${action}</var>
<arg>${temperature}</arg>
<status status="FAIL" start="2024-12-26T19:04:00.897283" elapsed="0.000000">No keyword with name 'Control Temperature' found.</status>
</kw>
<return>
<value>${action}</value>
<status status="NOT RUN" start="2024-12-26T19:04:00.897283" elapsed="0.000000"/>
</return>
<var>${action}</var>
<arg>${temperature}</arg>
<status status="FAIL" start="2024-12-26T19:04:00.896059" elapsed="0.001224">No keyword with name 'Control Temperature' found.</status>
</kw>
<kw name="Should Be Equal" owner="BuiltIn">
<arg>${action}</arg>
<arg>Temperature is in optimal range</arg>
<doc>Fails if the given objects are unequal.</doc>
<status status="NOT RUN" start="2024-12-26T19:04:00.897845" elapsed="0.000000"/>
</kw>
<kw name="Log" owner="BuiltIn">
<arg>Action prise: ${action}</arg>
<doc>Logs the given message with the given level.</doc>
<status status="NOT RUN" start="2024-12-26T19:04:00.897845" elapsed="0.000000"/>
</kw>
<doc>Vérifie qu'aucune action n'est prise pour une température optimale (22°C).</doc>
<status status="FAIL" start="2024-12-26T19:04:00.893491" elapsed="0.004908">No keyword with name 'Control Temperature' found.</status>
</test>
<test id="s1-s2-t3" name="Test Action Ventilateur à Température Élevée" line="24">
<kw name="Set Variable" owner="BuiltIn">
<msg time="2024-12-26T19:04:00.901151" level="INFO">${temperature} = 80</msg>
<var>${temperature}</var>
<arg>80</arg>
<doc>Returns the given values which can then be assigned to a variables.</doc>
<status status="PASS" start="2024-12-26T19:04:00.900539" elapsed="0.000612"/>
</kw>
<kw name="Log" owner="BuiltIn">
<msg time="2024-12-26T19:04:00.901790" level="INFO">Température utilisée: 80</msg>
<arg>Température utilisée: ${temperature}</arg>
<doc>Logs the given message with the given level.</doc>
<status status="PASS" start="2024-12-26T19:04:00.901790" elapsed="0.000523"/>
</kw>
<kw name="Tester Action Température" owner="keywords">
<kw name="Convert To Number" owner="BuiltIn">
<msg time="2024-12-26T19:04:00.902952" level="INFO">${temperature} = 80.0</msg>
<var>${temperature}</var>
<arg>${temperature}</arg>
<doc>Converts the given item to a floating point number.</doc>
<status status="PASS" start="2024-12-26T19:04:00.902952" elapsed="0.000000"/>
</kw>
<kw name="Control Temperature">
<msg time="2024-12-26T19:04:00.904019" level="FAIL">No keyword with name 'Control Temperature' found.</msg>
<var>${action}</var>
<arg>${temperature}</arg>
<status status="FAIL" start="2024-12-26T19:04:00.903508" elapsed="0.000545">No keyword with name 'Control Temperature' found.</status>
</kw>
<return>
<value>${action}</value>
<status status="NOT RUN" start="2024-12-26T19:04:00.904053" elapsed="0.000000"/>
</return>
<var>${action}</var>
<arg>${temperature}</arg>
<status status="FAIL" start="2024-12-26T19:04:00.902384" elapsed="0.001669">No keyword with name 'Control Temperature' found.</status>
</kw>
<kw name="Should Be Equal" owner="BuiltIn">
<arg>${action}</arg>
<arg>Fan activated</arg>
<doc>Fails if the given objects are unequal.</doc>
<status status="NOT RUN" start="2024-12-26T19:04:00.904053" elapsed="0.000000"/>
</kw>
<kw name="Log" owner="BuiltIn">
<arg>Action prise: ${action}</arg>
<doc>Logs the given message with the given level.</doc>
<status status="NOT RUN" start="2024-12-26T19:04:00.904595" elapsed="0.000000"/>
</kw>
<doc>Vérifie que le ventilateur s'active pour une température élevée (80°C).</doc>
<status status="FAIL" start="2024-12-26T19:04:00.899485" elapsed="0.005110">No keyword with name 'Control Temperature' found.</status>
</test>
<status status="FAIL" start="2024-12-26T19:04:00.879007" elapsed="0.026736"/>
</suite>
<suite id="s1-s3" name="Validation Tests" source="C:\Users\21692\Desktop\tp\TP-Testing\TP-3\test\suites\validation_tests.robot">
<test id="s1-s3-t1" name="Test Validation Température Basse Limite" line="6">
<kw name="Set Variable" owner="BuiltIn">
<msg time="2024-12-26T19:04:00.917977" level="INFO">${temperature} = 0</msg>
<var>${temperature}</var>
<arg>0</arg>
<doc>Returns the given values which can then be assigned to a variables.</doc>
<status status="PASS" start="2024-12-26T19:04:00.917424" elapsed="0.000553"/>
</kw>
<kw name="Température Doit ÊTre Valide" owner="keywords">
<kw name="Is Valid Temperature">
<msg time="2024-12-26T19:04:00.919082" level="FAIL">No keyword with name 'Is Valid Temperature' found.</msg>
<var>${result}</var>
<arg>${temperature}</arg>
<status status="FAIL" start="2024-12-26T19:04:00.919082" elapsed="0.000000">No keyword with name 'Is Valid Temperature' found.</status>
</kw>
<kw name="Should Be True" owner="BuiltIn">
<arg>${result}</arg>
<arg>Température non valide: ${temperature}</arg>
<doc>Fails if the given condition is not true.</doc>
<status status="NOT RUN" start="2024-12-26T19:04:00.919599" elapsed="0.000000"/>
</kw>
<kw name="Log" owner="BuiltIn">
<arg>Température validée: ${temperature}</arg>
<doc>Logs the given message with the given level.</doc>
<status status="NOT RUN" start="2024-12-26T19:04:00.919599" elapsed="0.000000"/>
</kw>
<arg>${temperature}</arg>
<status status="FAIL" start="2024-12-26T19:04:00.917977" elapsed="0.001622">No keyword with name 'Is Valid Temperature' found.</status>
</kw>
<kw name="Log" owner="BuiltIn">
<arg>Température validée avec succès: ${temperature}</arg>
<doc>Logs the given message with the given level.</doc>
<status status="NOT RUN" start="2024-12-26T19:04:00.920126" elapsed="0.000045"/>
</kw>
<doc>Vérifie que la température minimale limite (0°C) est valide.</doc>
<status status="FAIL" start="2024-12-26T19:04:00.916856" elapsed="0.003315">No keyword with name 'Is Valid Temperature' found.</status>
</test>
<test id="s1-s3-t2" name="Test Validation Température Haute Limite" line="12">
<kw name="Set Variable" owner="BuiltIn">
<msg time="2024-12-26T19:04:00.922520" level="INFO">${temperature} = 100</msg>
<var>${temperature}</var>
<arg>100</arg>
<doc>Returns the given values which can then be assigned to a variables.</doc>
<status status="PASS" start="2024-12-26T19:04:00.922520" elapsed="0.000000"/>
</kw>
<kw name="Température Doit ÊTre Valide" owner="keywords">
<kw name="Is Valid Temperature">
<msg time="2024-12-26T19:04:00.924192" level="FAIL">No keyword with name 'Is Valid Temperature' found.</msg>
<var>${result}</var>
<arg>${temperature}</arg>
<status status="FAIL" start="2024-12-26T19:04:00.924192" elapsed="0.000000">No keyword with name 'Is Valid Temperature' found.</status>
</kw>
<kw name="Should Be True" owner="BuiltIn">
<arg>${result}</arg>
<arg>Température non valide: ${temperature}</arg>
<doc>Fails if the given condition is not true.</doc>
<status status="NOT RUN" start="2024-12-26T19:04:00.924192" elapsed="0.000000"/>
</kw>
<kw name="Log" owner="BuiltIn">
<arg>Température validée: ${temperature}</arg>
<doc>Logs the given message with the given level.</doc>
<status status="NOT RUN" start="2024-12-26T19:04:00.924192" elapsed="0.000000"/>
</kw>
<arg>${temperature}</arg>
<status status="FAIL" start="2024-12-26T19:04:00.923092" elapsed="0.001658">No keyword with name 'Is Valid Temperature' found.</status>
</kw>
<kw name="Log" owner="BuiltIn">
<arg>Température validée avec succès: ${temperature}</arg>
<doc>Logs the given message with the given level.</doc>
<status status="NOT RUN" start="2024-12-26T19:04:00.924750" elapsed="0.000000"/>
</kw>
<doc>Vérifie que la température maximale limite (100°C) est valide.</doc>
<status status="FAIL" start="2024-12-26T19:04:00.921305" elapsed="0.003996">No keyword with name 'Is Valid Temperature' found.</status>
</test>
<test id="s1-s3-t3" name="Test Validation Température Hors Limite" line="18">
<kw name="Set Variable" owner="BuiltIn">
<msg time="2024-12-26T19:04:00.927552" level="INFO">${temperature} = -20</msg>
<var>${temperature}</var>
<arg>-20</arg>
<doc>Returns the given values which can then be assigned to a variables.</doc>
<status status="PASS" start="2024-12-26T19:04:00.927032" elapsed="0.000575"/>
</kw>
<kw name="Is Valid Temperature">
<msg time="2024-12-26T19:04:00.928766" level="FAIL">No keyword with name 'Is Valid Temperature' found.</msg>
<var>${result}</var>
<arg>${temperature}</arg>
<status status="FAIL" start="2024-12-26T19:04:00.928720" elapsed="0.000046">No keyword with name 'Is Valid Temperature' found.</status>
</kw>
<kw name="Should Not Be True" owner="BuiltIn">
<arg>${result}</arg>
<arg>La température aurait dû être invalide.</arg>
<doc>Fails if the given condition is true.</doc>
<status status="NOT RUN" start="2024-12-26T19:04:00.928766" elapsed="0.000000"/>
</kw>
<kw name="Log" owner="BuiltIn">
<arg>Température correctement détectée comme invalide: ${temperature}</arg>
<doc>Logs the given message with the given level.</doc>
<status status="NOT RUN" start="2024-12-26T19:04:00.929359" elapsed="0.000000"/>
</kw>
<doc>Vérifie qu'une température hors limite (-20°C) est invalide.</doc>
<status status="FAIL" start="2024-12-26T19:04:00.926376" elapsed="0.003507">No keyword with name 'Is Valid Temperature' found.</status>
</test>
<test id="s1-s3-t4" name="Test Validation Température Hors Plage Positive" line="25">
<kw name="Set Variable" owner="BuiltIn">
<msg time="2024-12-26T19:04:00.931606" level="INFO">${temperature} = 150</msg>
<var>${temperature}</var>
<arg>150</arg>
<doc>Returns the given values which can then be assigned to a variables.</doc>
<status status="PASS" start="2024-12-26T19:04:00.931545" elapsed="0.000061"/>
</kw>
<kw name="Is Valid Temperature">
<msg time="2024-12-26T19:04:00.932696" level="FAIL">No keyword with name 'Is Valid Temperature' found.</msg>
<var>${result}</var>
<arg>${temperature}</arg>
<status status="FAIL" start="2024-12-26T19:04:00.932696" elapsed="0.000000">No keyword with name 'Is Valid Temperature' found.</status>
</kw>
<kw name="Should Not Be True" owner="BuiltIn">
<arg>${result}</arg>
<arg>La température aurait dû être invalide.</arg>
<doc>Fails if the given condition is true.</doc>
<status status="NOT RUN" start="2024-12-26T19:04:00.932696" elapsed="0.000000"/>
</kw>
<kw name="Log" owner="BuiltIn">
<arg>Température correctement détectée comme invalide: ${temperature}</arg>
<doc>Logs the given message with the given level.</doc>
<status status="NOT RUN" start="2024-12-26T19:04:00.933264" elapsed="0.000000"/>
</kw>
<doc>Vérifie qu'une température hors plage positive (150°C) est invalide.</doc>
<status status="FAIL" start="2024-12-26T19:04:00.930471" elapsed="0.002793">No keyword with name 'Is Valid Temperature' found.</status>
</test>
<status status="FAIL" start="2024-12-26T19:04:00.907473" elapsed="0.026941"/>
</suite>
<status status="FAIL" start="2024-12-26T19:04:00.814215" elapsed="0.122524"/>
</suite>
<statistics>
<total>
<stat pass="0" fail="10" skip="0">All Tests</stat>
</total>
<tag>
</tag>
<suite>
<stat pass="0" fail="10" skip="0" id="s1" name="Suites">Suites</stat>
<stat pass="0" fail="3" skip="0" id="s1-s1" name="Alert Test">Suites.Alert Test</stat>
<stat pass="0" fail="3" skip="0" id="s1-s2" name="Functional Tests">Suites.Functional Tests</stat>
<stat pass="0" fail="4" skip="0" id="s1-s3" name="Validation Tests">Suites.Validation Tests</stat>
</suite>
</statistics>
<errors>
<msg time="2024-12-26T19:04:00.854639" level="ERROR">Error in file 'C:\Users\21692\Desktop\tp\TP-Testing\TP-3\test\resources\keywords.robot' on line 2: Library '\home\hadil\TP-Testing\TP-3\src\sensor.py' does not exist.</msg>
<msg time="2024-12-26T19:04:00.855755" level="ERROR">Error in file 'C:\Users\21692\Desktop\tp\TP-Testing\TP-3\test\resources\keywords.robot' on line 3: Library '\home\hadil\TP-Testing\TP-3\src\actuator.py' does not exist.</msg>
<msg time="2024-12-26T19:04:00.856316" level="ERROR">Error in file 'C:\Users\21692\Desktop\tp\TP-Testing\TP-3\test\resources\keywords.robot' on line 4: Library '\home\hadil\TP-Testing\TP-3\src\notifier.py' does not exist.</msg>
<msg time="2024-12-26T19:04:00.856945" level="ERROR">Error in file 'C:\Users\21692\Desktop\tp\TP-Testing\TP-3\test\resources\keywords.robot' on line 5: Library '\home\hadil\TP-Testing\TP-3\src\utils.py' does not exist.</msg>
<msg time="2024-12-26T19:04:00.882634" level="ERROR">Error in file 'C:\Users\21692\Desktop\tp\TP-Testing\TP-3\test\resources\keywords.robot' on line 2: Library '\home\hadil\TP-Testing\TP-3\src\sensor.py' does not exist.</msg>
<msg time="2024-12-26T19:04:00.883247" level="ERROR">Error in file 'C:\Users\21692\Desktop\tp\TP-Testing\TP-3\test\resources\keywords.robot' on line 3: Library '\home\hadil\TP-Testing\TP-3\src\actuator.py' does not exist.</msg>
<msg time="2024-12-26T19:04:00.883815" level="ERROR">Error in file 'C:\Users\21692\Desktop\tp\TP-Testing\TP-3\test\resources\keywords.robot' on line 4: Library '\home\hadil\TP-Testing\TP-3\src\notifier.py' does not exist.</msg>
<msg time="2024-12-26T19:04:00.884375" level="ERROR">Error in file 'C:\Users\21692\Desktop\tp\TP-Testing\TP-3\test\resources\keywords.robot' on line 5: Library '\home\hadil\TP-Testing\TP-3\src\utils.py' does not exist.</msg>
<msg time="2024-12-26T19:04:00.911015" level="ERROR">Error in file 'C:\Users\21692\Desktop\tp\TP-Testing\TP-3\test\resources\keywords.robot' on line 2: Library '\home\hadil\TP-Testing\TP-3\src\sensor.py' does not exist.</msg>
<msg time="2024-12-26T19:04:00.912104" level="ERROR">Error in file 'C:\Users\21692\Desktop\tp\TP-Testing\TP-3\test\resources\keywords.robot' on line 3: Library '\home\hadil\TP-Testing\TP-3\src\actuator.py' does not exist.</msg>
<msg time="2024-12-26T19:04:00.912758" level="ERROR">Error in file 'C:\Users\21692\Desktop\tp\TP-Testing\TP-3\test\resources\keywords.robot' on line 4: Library '\home\hadil\TP-Testing\TP-3\src\notifier.py' does not exist.</msg>
<msg time="2024-12-26T19:04:00.913329" level="ERROR">Error in file 'C:\Users\21692\Desktop\tp\TP-Testing\TP-3\test\resources\keywords.robot' on line 5: Library '\home\hadil\TP-Testing\TP-3\src\utils.py' does not exist.</msg>
</errors>
</robot>
